{"synthetic": false,
 "schemaVersion": "2025-09-10",
 "outputs":
 {"o": ["90341cfe22fcfe9a.olean"],
  "i": "1e86f70dbbe6c936.ilean",
  "c": "3873c2d4c0147dce.c"},
 "log":
 [{"message":
   ".> LEAN_PATH=/Users/ritinkardasbhaumik/EconLib/.lake/packages/Cli/.lake/build/lib/lean:/Users/ritinkardasbhaumik/EconLib/.lake/packages/batteries/.lake/build/lib/lean:/Users/ritinkardasbhaumik/EconLib/.lake/packages/Qq/.lake/build/lib/lean:/Users/ritinkardasbhaumik/EconLib/.lake/packages/aesop/.lake/build/lib/lean:/Users/ritinkardasbhaumik/EconLib/.lake/packages/proofwidgets/.lake/build/lib/lean:/Users/ritinkardasbhaumik/EconLib/.lake/packages/importGraph/.lake/build/lib/lean:/Users/ritinkardasbhaumik/EconLib/.lake/packages/LeanSearchClient/.lake/build/lib/lean:/Users/ritinkardasbhaumik/EconLib/.lake/packages/plausible/.lake/build/lib/lean:/Users/ritinkardasbhaumik/EconLib/.lake/packages/mathlib/.lake/build/lib/lean:/Users/ritinkardasbhaumik/EconLib/.lake/build/lib/lean /Users/ritinkardasbhaumik/.elan/toolchains/leanprover--lean4---v4.28.0/bin/lean /Users/ritinkardasbhaumik/EconLib/EconLib/Examples/BattleOfTheSexes.lean -o /Users/ritinkardasbhaumik/EconLib/.lake/build/lib/lean/EconLib/Examples/BattleOfTheSexes.olean -i /Users/ritinkardasbhaumik/EconLib/.lake/build/lib/lean/EconLib/Examples/BattleOfTheSexes.ilean -c /Users/ritinkardasbhaumik/EconLib/.lake/build/ir/EconLib/Examples/BattleOfTheSexes.c --setup /Users/ritinkardasbhaumik/EconLib/.lake/build/ir/EconLib/Examples/BattleOfTheSexes.setup.json --json",
   "level": "trace"}],
 "inputs":
 [["EconLib.Examples.BattleOfTheSexes:deps",
   [["deps",
     [["EconLib/EconLib:extraDep", [["@EconLib:extraDep", "00000000000006bb"]]],
      ["imports",
       [["EconLib.GameTheory.Basic transitive imports (legacy)",
         "4f31d4e01aff12a4"],
        ["EconLib.GameTheory.Basic:importAllArts", "d5014ebc608eb8ab"]]]]],
    ["libs",
     [["import dynlibs", "00000000000006bb"],
      ["package external libraries", "00000000000006bb"],
      ["module dynlibs", "00000000000006bb"],
      ["module plugins", "00000000000006bb"]]]]],
  ["Lean 4.28.0, commit 7e01a1bf5c70fc6167d49c345d3bf80596e9a79b",
   "a96bc04a2e5e9630"],
  ["/Users/ritinkardasbhaumik/EconLib/EconLib/Examples/BattleOfTheSexes.lean",
   "daf5af8cd9bc224b"],
  ["options", "00000000000006bb"],
  ["Module.leanArgs: #[]", "00000000000006bb"]],
 "depHash": "0c90c600d69d369c"}