{"synthetic": false,
 "schemaVersion": "2025-09-10",
 "outputs":
 {"o": ["4b358dbaa651295f.olean"],
  "i": "7b9bfaae563b27f9.ilean",
  "c": "188641b621995002.c"},
 "log":
 [{"message":
   ".> LEAN_PATH=/Users/ritinkardasbhaumik/EconLib/.lake/packages/Cli/.lake/build/lib/lean:/Users/ritinkardasbhaumik/EconLib/.lake/packages/batteries/.lake/build/lib/lean:/Users/ritinkardasbhaumik/EconLib/.lake/packages/Qq/.lake/build/lib/lean:/Users/ritinkardasbhaumik/EconLib/.lake/packages/aesop/.lake/build/lib/lean:/Users/ritinkardasbhaumik/EconLib/.lake/packages/proofwidgets/.lake/build/lib/lean:/Users/ritinkardasbhaumik/EconLib/.lake/packages/importGraph/.lake/build/lib/lean:/Users/ritinkardasbhaumik/EconLib/.lake/packages/LeanSearchClient/.lake/build/lib/lean:/Users/ritinkardasbhaumik/EconLib/.lake/packages/plausible/.lake/build/lib/lean:/Users/ritinkardasbhaumik/EconLib/.lake/packages/mathlib/.lake/build/lib/lean:/Users/ritinkardasbhaumik/EconLib/.lake/build/lib/lean /Users/ritinkardasbhaumik/.elan/toolchains/leanprover--lean4---v4.28.0/bin/lean /Users/ritinkardasbhaumik/EconLib/EconLib/Examples/MatchingPennies.lean -o /Users/ritinkardasbhaumik/EconLib/.lake/build/lib/lean/EconLib/Examples/MatchingPennies.olean -i /Users/ritinkardasbhaumik/EconLib/.lake/build/lib/lean/EconLib/Examples/MatchingPennies.ilean -c /Users/ritinkardasbhaumik/EconLib/.lake/build/ir/EconLib/Examples/MatchingPennies.c --setup /Users/ritinkardasbhaumik/EconLib/.lake/build/ir/EconLib/Examples/MatchingPennies.setup.json --json",
   "level": "trace"}],
 "inputs":
 [["EconLib.Examples.MatchingPennies:deps",
   [["deps",
     [["EconLib/EconLib:extraDep", [["@EconLib:extraDep", "00000000000006bb"]]],
      ["imports",
       [["EconLib.GameTheory.Basic transitive imports (legacy)",
         "4f31d4e01aff12a4"],
        ["EconLib.GameTheory.Basic:importAllArts", "d5014ebc608eb8ab"],
        ["Mathlib transitive imports (legacy)", "8fd896a9b3011bd6"],
        ["Mathlib:importAllArts", "8fc2a9ec06d95bdc"]]]]],
    ["libs",
     [["import dynlibs", "00000000000006bb"],
      ["package external libraries", "00000000000006bb"],
      ["module dynlibs", "00000000000006bb"],
      ["module plugins", "00000000000006bb"]]]]],
  ["Lean 4.28.0, commit 7e01a1bf5c70fc6167d49c345d3bf80596e9a79b",
   "a96bc04a2e5e9630"],
  ["/Users/ritinkardasbhaumik/EconLib/EconLib/Examples/MatchingPennies.lean",
   "953a9d8fd7efb1da"],
  ["options", "00000000000006bb"],
  ["Module.leanArgs: #[]", "00000000000006bb"]],
 "depHash": "e86544276fde2263"}