{"synthetic": false,
 "schemaVersion": "2025-09-10",
 "outputs":
 {"o": ["661741335fd3c0f3.olean"],
  "i": "b7006201eba2cdff.ilean",
  "c": "2b5d60637165644e.c"},
 "log":
 [{"message":
   ".> LEAN_PATH=/Users/ritinkardasbhaumik/EconLib/.lake/packages/Cli/.lake/build/lib/lean:/Users/ritinkardasbhaumik/EconLib/.lake/packages/batteries/.lake/build/lib/lean:/Users/ritinkardasbhaumik/EconLib/.lake/packages/Qq/.lake/build/lib/lean:/Users/ritinkardasbhaumik/EconLib/.lake/packages/aesop/.lake/build/lib/lean:/Users/ritinkardasbhaumik/EconLib/.lake/packages/proofwidgets/.lake/build/lib/lean:/Users/ritinkardasbhaumik/EconLib/.lake/packages/importGraph/.lake/build/lib/lean:/Users/ritinkardasbhaumik/EconLib/.lake/packages/LeanSearchClient/.lake/build/lib/lean:/Users/ritinkardasbhaumik/EconLib/.lake/packages/plausible/.lake/build/lib/lean:/Users/ritinkardasbhaumik/EconLib/.lake/packages/mathlib/.lake/build/lib/lean:/Users/ritinkardasbhaumik/EconLib/.lake/build/lib/lean /Users/ritinkardasbhaumik/.elan/toolchains/leanprover--lean4---v4.28.0/bin/lean /Users/ritinkardasbhaumik/EconLib/EconLib/Examples/StagHunt.lean -o /Users/ritinkardasbhaumik/EconLib/.lake/build/lib/lean/EconLib/Examples/StagHunt.olean -i /Users/ritinkardasbhaumik/EconLib/.lake/build/lib/lean/EconLib/Examples/StagHunt.ilean -c /Users/ritinkardasbhaumik/EconLib/.lake/build/ir/EconLib/Examples/StagHunt.c --setup /Users/ritinkardasbhaumik/EconLib/.lake/build/ir/EconLib/Examples/StagHunt.setup.json --json",
   "level": "trace"}],
 "inputs":
 [["EconLib.Examples.StagHunt:deps",
   [["deps",
     [["EconLib/EconLib:extraDep", [["@EconLib:extraDep", "00000000000006bb"]]],
      ["imports",
       [["EconLib.GameTheory.Basic transitive imports (legacy)",
         "044f6c4251d6c7c1"],
        ["EconLib.GameTheory.Basic:importAllArts", "f6f0253b904a4f9e"],
        ["Mathlib transitive imports (legacy)", "8fd896a9b3011bd6"],
        ["Mathlib:importAllArts", "8fc2a9ec06d95bdc"]]]]],
    ["libs",
     [["import dynlibs", "00000000000006bb"],
      ["package external libraries", "00000000000006bb"],
      ["module dynlibs", "00000000000006bb"],
      ["module plugins", "00000000000006bb"]]]]],
  ["Lean 4.28.0, commit 7e01a1bf5c70fc6167d49c345d3bf80596e9a79b",
   "a96bc04a2e5e9630"],
  ["/Users/ritinkardasbhaumik/EconLib/EconLib/Examples/StagHunt.lean",
   "ba9d9d9e7977fea4"],
  ["options", "00000000000006bb"],
  ["Module.leanArgs: #[]", "00000000000006bb"]],
 "depHash": "955eb826008d3399"}