{"synthetic": false,
 "schemaVersion": "2025-09-10",
 "outputs":
 {"o": ["99486562b310a389.olean"],
  "i": "19e685ce3da7e3da.ilean",
  "c": "67088f003a8fcc86.c"},
 "log":
 [{"message":
   ".> LEAN_PATH=/Users/ritinkardasbhaumik/EconLib/.lake/packages/Cli/.lake/build/lib/lean:/Users/ritinkardasbhaumik/EconLib/.lake/packages/batteries/.lake/build/lib/lean:/Users/ritinkardasbhaumik/EconLib/.lake/packages/Qq/.lake/build/lib/lean:/Users/ritinkardasbhaumik/EconLib/.lake/packages/aesop/.lake/build/lib/lean:/Users/ritinkardasbhaumik/EconLib/.lake/packages/proofwidgets/.lake/build/lib/lean:/Users/ritinkardasbhaumik/EconLib/.lake/packages/importGraph/.lake/build/lib/lean:/Users/ritinkardasbhaumik/EconLib/.lake/packages/LeanSearchClient/.lake/build/lib/lean:/Users/ritinkardasbhaumik/EconLib/.lake/packages/plausible/.lake/build/lib/lean:/Users/ritinkardasbhaumik/EconLib/.lake/packages/mathlib/.lake/build/lib/lean:/Users/ritinkardasbhaumik/EconLib/.lake/build/lib/lean /Users/ritinkardasbhaumik/.elan/toolchains/leanprover--lean4---v4.28.0/bin/lean /Users/ritinkardasbhaumik/EconLib/EconLib.lean -o /Users/ritinkardasbhaumik/EconLib/.lake/build/lib/lean/EconLib.olean -i /Users/ritinkardasbhaumik/EconLib/.lake/build/lib/lean/EconLib.ilean -c /Users/ritinkardasbhaumik/EconLib/.lake/build/ir/EconLib.c --setup /Users/ritinkardasbhaumik/EconLib/.lake/build/ir/EconLib.setup.json --json",
   "level": "trace"}],
 "inputs":
 [["EconLib:deps",
   [["deps",
     [["EconLib/EconLib:extraDep", [["@EconLib:extraDep", "00000000000006bb"]]],
      ["imports",
       [["EconLib.Foundations.Basic transitive imports (legacy)",
         "065b60f60f3f173d"],
        ["EconLib.Foundations.Basic:importAllArts", "5ddf9744ab0497d3"],
        ["EconLib.Equilibrium.Basic transitive imports (legacy)",
         "e85d4e1b421ec880"],
        ["EconLib.Equilibrium.Basic:importAllArts", "25bc7c2698cecd5b"],
        ["EconLib.GameTheory.Basic transitive imports (legacy)",
         "4f31d4e01aff12a4"],
        ["EconLib.GameTheory.Basic:importAllArts", "d5014ebc608eb8ab"],
        ["EconLib.Choice.Basic transitive imports (legacy)",
         "4f31d4e01aff12a4"],
        ["EconLib.Choice.Basic:importAllArts", "5d7d4c6b3c3c9743"],
        ["EconLib.Examples.PrisonersDilemma transitive imports (legacy)",
         "170f5c345b76f65a"],
        ["EconLib.Examples.PrisonersDilemma:importAllArts", "e5ba50942830287b"],
        ["EconLib.Examples.BattleOfTheSexes transitive imports (legacy)",
         "170f5c345b76f65a"],
        ["EconLib.Examples.BattleOfTheSexes:importAllArts", "73b711fedb1979ea"],
        ["EconLib.Examples.MatchingPennies transitive imports (legacy)",
         "55937e4e30bfb4fb"],
        ["EconLib.Examples.MatchingPennies:importAllArts", "e6405f8a3bb07f38"],
        ["EconLib.Examples.StagHunt transitive imports (legacy)",
         "55937e4e30bfb4fb"],
        ["EconLib.Examples.StagHunt:importAllArts", "16bef29427b2ad28"]]]]],
    ["libs",
     [["import dynlibs", "00000000000006bb"],
      ["package external libraries", "00000000000006bb"],
      ["module dynlibs", "00000000000006bb"],
      ["module plugins", "00000000000006bb"]]]]],
  ["Lean 4.28.0, commit 7e01a1bf5c70fc6167d49c345d3bf80596e9a79b",
   "a96bc04a2e5e9630"],
  ["/Users/ritinkardasbhaumik/EconLib/EconLib.lean", "bbf571631344823c"],
  ["options", "00000000000006bb"],
  ["Module.leanArgs: #[]", "00000000000006bb"]],
 "depHash": "10c3ebfd4015ac5a"}