{"synthetic": false,
 "schemaVersion": "2025-09-10",
 "outputs":
 {"o": ["8b986173505b63f1.olean"],
  "i": "5d57945c71147308.ilean",
  "c": "89a4f6a8bddf0dea.c"},
 "log":
 [{"message":
   ".> LEAN_PATH=/Users/ritinkardasbhaumik/EconLib/.lake/packages/Cli/.lake/build/lib/lean:/Users/ritinkardasbhaumik/EconLib/.lake/packages/batteries/.lake/build/lib/lean:/Users/ritinkardasbhaumik/EconLib/.lake/packages/Qq/.lake/build/lib/lean:/Users/ritinkardasbhaumik/EconLib/.lake/packages/aesop/.lake/build/lib/lean:/Users/ritinkardasbhaumik/EconLib/.lake/packages/proofwidgets/.lake/build/lib/lean:/Users/ritinkardasbhaumik/EconLib/.lake/packages/importGraph/.lake/build/lib/lean:/Users/ritinkardasbhaumik/EconLib/.lake/packages/LeanSearchClient/.lake/build/lib/lean:/Users/ritinkardasbhaumik/EconLib/.lake/packages/plausible/.lake/build/lib/lean:/Users/ritinkardasbhaumik/EconLib/.lake/packages/mathlib/.lake/build/lib/lean:/Users/ritinkardasbhaumik/EconLib/.lake/build/lib/lean /Users/ritinkardasbhaumik/.elan/toolchains/leanprover--lean4---v4.28.0/bin/lean /Users/ritinkardasbhaumik/EconLib/EconLib/Equilibrium.lean -o /Users/ritinkardasbhaumik/EconLib/.lake/build/lib/lean/EconLib/Equilibrium.olean -i /Users/ritinkardasbhaumik/EconLib/.lake/build/lib/lean/EconLib/Equilibrium.ilean -c /Users/ritinkardasbhaumik/EconLib/.lake/build/ir/EconLib/Equilibrium.c --setup /Users/ritinkardasbhaumik/EconLib/.lake/build/ir/EconLib/Equilibrium.setup.json --json",
   "level": "trace"}],
 "inputs":
 [["EconLib.Equilibrium:deps",
   [["deps",
     [["EconLib/EconLib:extraDep", [["@EconLib:extraDep", "00000000000006bb"]]],
      ["imports",
       [["EconLib.Basic transitive imports (legacy)", "065b60f60f3f173d"],
        ["EconLib.Basic:importAllArts", "edfdf6cf3fe63528"]]]]],
    ["libs",
     [["import dynlibs", "00000000000006bb"],
      ["package external libraries", "00000000000006bb"],
      ["module dynlibs", "00000000000006bb"],
      ["module plugins", "00000000000006bb"]]]]],
  ["Lean 4.28.0, commit 7e01a1bf5c70fc6167d49c345d3bf80596e9a79b",
   "a96bc04a2e5e9630"],
  ["/Users/ritinkardasbhaumik/EconLib/EconLib/Equilibrium.lean",
   "dc36b8e2d9e3be62"],
  ["options", "00000000000006bb"],
  ["Module.leanArgs: #[]", "00000000000006bb"]],
 "depHash": "8e53ea59b3b2281b"}