{"synthetic": false,
 "schemaVersion": "2025-09-10",
 "outputs":
 {"o": ["4e8bf777a94d7dd7.olean"],
  "i": "fa29bf43230897c4.ilean",
  "c": "2ffccf20a17872d5.c"},
 "log":
 [{"message":
   ".> LEAN_PATH=/Users/ritinkardasbhaumik/EconLib/.lake/packages/Cli/.lake/build/lib/lean:/Users/ritinkardasbhaumik/EconLib/.lake/packages/batteries/.lake/build/lib/lean:/Users/ritinkardasbhaumik/EconLib/.lake/packages/Qq/.lake/build/lib/lean:/Users/ritinkardasbhaumik/EconLib/.lake/packages/aesop/.lake/build/lib/lean:/Users/ritinkardasbhaumik/EconLib/.lake/packages/proofwidgets/.lake/build/lib/lean:/Users/ritinkardasbhaumik/EconLib/.lake/packages/importGraph/.lake/build/lib/lean:/Users/ritinkardasbhaumik/EconLib/.lake/packages/LeanSearchClient/.lake/build/lib/lean:/Users/ritinkardasbhaumik/EconLib/.lake/packages/plausible/.lake/build/lib/lean:/Users/ritinkardasbhaumik/EconLib/.lake/packages/mathlib/.lake/build/lib/lean:/Users/ritinkardasbhaumik/EconLib/.lake/build/lib/lean /Users/ritinkardasbhaumik/.elan/toolchains/leanprover--lean4---v4.28.0/bin/lean /Users/ritinkardasbhaumik/EconLib/EconLib/Foundations/Basic.lean -o /Users/ritinkardasbhaumik/EconLib/.lake/build/lib/lean/EconLib/Foundations/Basic.olean -i /Users/ritinkardasbhaumik/EconLib/.lake/build/lib/lean/EconLib/Foundations/Basic.ilean -c /Users/ritinkardasbhaumik/EconLib/.lake/build/ir/EconLib/Foundations/Basic.c --setup /Users/ritinkardasbhaumik/EconLib/.lake/build/ir/EconLib/Foundations/Basic.setup.json --json",
   "level": "trace"}],
 "inputs":
 [["EconLib.Foundations.Basic:deps",
   [["deps",
     [["EconLib/EconLib:extraDep", [["@EconLib:extraDep", "00000000000006bb"]]],
      ["imports",
       [["Mathlib.Data.Real.Basic transitive imports (legacy)",
         "e99232c582a80006"],
        ["Mathlib.Data.Real.Basic:importAllArts", "cb66a25f329c2b11"],
        ["Mathlib.Data.Set.Basic transitive imports (legacy)",
         "bd96c7420bd75235"],
        ["Mathlib.Data.Set.Basic:importAllArts", "784593447015a7e2"],
        ["Mathlib.Logic.Function.Basic transitive imports (legacy)",
         "e3eabcd2283ef4bf"],
        ["Mathlib.Logic.Function.Basic:importAllArts", "d051b1be2d9053e7"]]]]],
    ["libs",
     [["import dynlibs", "00000000000006bb"],
      ["package external libraries", "00000000000006bb"],
      ["module dynlibs", "00000000000006bb"],
      ["module plugins", "00000000000006bb"]]]]],
  ["Lean 4.28.0, commit 7e01a1bf5c70fc6167d49c345d3bf80596e9a79b",
   "a96bc04a2e5e9630"],
  ["/Users/ritinkardasbhaumik/EconLib/EconLib/Foundations/Basic.lean",
   "37a695a2e6ff72bf"],
  ["options", "00000000000006bb"],
  ["Module.leanArgs: #[]", "00000000000006bb"]],
 "depHash": "ff88d225a7a3f1b5"}